<?xml version="1.0" encoding="UTF-8"?>
<!-- Generated by org.testng.reporters.JUnitXMLReporter -->
<testsuite hostname="QA-RGRH-DESK3" ignored="0" name="Test" tests="4" failures="0" timestamp="28 Aug 2019 06:27:51 GMT" time="37.173" errors="0">
  <testcase name="loginpagetitletest" time="0.011" classname="com.resumehelp.qa.testcases.LoginPageTest"/>
  <testcase name="verifyDashboardTitleTest" time="0.009" classname="com.resumehelp.qa.testcases.DashboardpageTest"/>
  <testcase name="loginPageLogoImagetest" time="0.141" classname="com.resumehelp.qa.testcases.LoginPageTest"/>
  <testcase name="loginTest" time="1.35" classname="com.resumehelp.qa.testcases.LoginPageTest"/>
</testsuite> <!-- Test -->
