<?xml version="1.0" encoding="UTF-8"?>
<!-- Generated by org.testng.reporters.JUnitXMLReporter -->
<testsuite hostname="BOLD-RaghavM" ignored="0" name="Default test" tests="3" failures="0" timestamp="12 Jul 2019 11:14:15 GMT" time="9.925" errors="0">
  <testcase name="loginpagetitletest" time="0.012" classname="com.resumehelp.qa.testcases.LoginPageTest"/>
  <testcase name="loginPageLogoImagetest" time="0.155" classname="com.resumehelp.qa.testcases.LoginPageTest"/>
  <testcase name="loginTest" time="2.053" classname="com.resumehelp.qa.testcases.LoginPageTest"/>
</testsuite> <!-- Default test -->
